15-Jul-2016 14:09:22.359 INFO [main] org.apache.catalina.startup.VersionLoggerListener.log Server version:        Apache Tomcat/8.0.36
15-Jul-2016 14:09:22.361 INFO [main] org.apache.catalina.startup.VersionLoggerListener.log Server built:          Jun 9 2016 13:55:50 UTC
15-Jul-2016 14:09:22.361 INFO [main] org.apache.catalina.startup.VersionLoggerListener.log Server number:         8.0.36.0
15-Jul-2016 14:09:22.361 INFO [main] org.apache.catalina.startup.VersionLoggerListener.log OS Name:               Linux
15-Jul-2016 14:09:22.362 INFO [main] org.apache.catalina.startup.VersionLoggerListener.log OS Version:            4.1.17-22.30.amzn1.x86_64
15-Jul-2016 14:09:22.362 INFO [main] org.apache.catalina.startup.VersionLoggerListener.log Architecture:          amd64
15-Jul-2016 14:09:22.362 INFO [main] org.apache.catalina.startup.VersionLoggerListener.log Java Home:             /usr/lib/jvm/java-1.7.0-openjdk-1.7.0.101.x86_64/jre
15-Jul-2016 14:09:22.362 INFO [main] org.apache.catalina.startup.VersionLoggerListener.log JVM Version:           1.7.0_101-mockbuild_2016_04_26_18_10-b00
15-Jul-2016 14:09:22.363 INFO [main] org.apache.catalina.startup.VersionLoggerListener.log JVM Vendor:            Oracle Corporation
15-Jul-2016 14:09:22.363 INFO [main] org.apache.catalina.startup.VersionLoggerListener.log CATALINA_BASE:         /home/ec2-user/date-and-time/apache-tomcat-8.0.36
15-Jul-2016 14:09:22.363 INFO [main] org.apache.catalina.startup.VersionLoggerListener.log CATALINA_HOME:         /home/ec2-user/date-and-time/apache-tomcat-8.0.36
15-Jul-2016 14:09:22.363 INFO [main] org.apache.catalina.startup.VersionLoggerListener.log Command line argument: -Djava.util.logging.config.file=/home/ec2-user/date-and-time/apache-tomcat-8.0.36/conf/logging.properties
15-Jul-2016 14:09:22.364 INFO [main] org.apache.catalina.startup.VersionLoggerListener.log Command line argument: -Djava.util.logging.manager=org.apache.juli.ClassLoaderLogManager
15-Jul-2016 14:09:22.364 INFO [main] org.apache.catalina.startup.VersionLoggerListener.log Command line argument: -Djdk.tls.ephemeralDHKeySize=2048
15-Jul-2016 14:09:22.364 INFO [main] org.apache.catalina.startup.VersionLoggerListener.log Command line argument: -Djava.endorsed.dirs=/home/ec2-user/date-and-time/apache-tomcat-8.0.36/endorsed
15-Jul-2016 14:09:22.364 INFO [main] org.apache.catalina.startup.VersionLoggerListener.log Command line argument: -Dcatalina.base=/home/ec2-user/date-and-time/apache-tomcat-8.0.36
15-Jul-2016 14:09:22.365 INFO [main] org.apache.catalina.startup.VersionLoggerListener.log Command line argument: -Dcatalina.home=/home/ec2-user/date-and-time/apache-tomcat-8.0.36
15-Jul-2016 14:09:22.365 INFO [main] org.apache.catalina.startup.VersionLoggerListener.log Command line argument: -Djava.io.tmpdir=/home/ec2-user/date-and-time/apache-tomcat-8.0.36/temp
15-Jul-2016 14:09:22.365 INFO [main] org.apache.catalina.core.AprLifecycleListener.lifecycleEvent The APR based Apache Tomcat Native library which allows optimal performance in production environments was not found on the java.library.path: /usr/java/packages/lib/amd64:/usr/lib64:/lib64:/lib:/usr/lib
15-Jul-2016 14:09:22.482 INFO [main] org.apache.coyote.AbstractProtocol.init Initializing ProtocolHandler ["http-nio-9090"]
15-Jul-2016 14:09:22.494 INFO [main] org.apache.tomcat.util.net.NioSelectorPool.getSharedSelector Using a shared selector for servlet write/read
15-Jul-2016 14:09:22.497 INFO [main] org.apache.coyote.AbstractProtocol.init Initializing ProtocolHandler ["ajp-nio-8009"]
15-Jul-2016 14:09:22.505 INFO [main] org.apache.tomcat.util.net.NioSelectorPool.getSharedSelector Using a shared selector for servlet write/read
15-Jul-2016 14:09:22.506 INFO [main] org.apache.catalina.startup.Catalina.load Initialization processed in 959 ms
15-Jul-2016 14:09:22.543 INFO [main] org.apache.catalina.core.StandardService.startInternal Starting service Catalina
15-Jul-2016 14:09:22.544 INFO [main] org.apache.catalina.core.StandardEngine.startInternal Starting Servlet Engine: Apache Tomcat/8.0.36
15-Jul-2016 14:09:22.559 INFO [localhost-startStop-1] org.apache.catalina.startup.HostConfig.deployDirectory Deploying web application directory /home/ec2-user/date-and-time/apache-tomcat-8.0.36/webapps/ROOT
15-Jul-2016 14:09:23.505 INFO [localhost-startStop-1] org.apache.catalina.startup.HostConfig.deployDirectory Deployment of web application directory /home/ec2-user/date-and-time/apache-tomcat-8.0.36/webapps/ROOT has finished in 945 ms
15-Jul-2016 14:09:23.511 INFO [localhost-startStop-1] org.apache.catalina.startup.HostConfig.deployDirectory Deploying web application directory /home/ec2-user/date-and-time/apache-tomcat-8.0.36/webapps/host-manager
15-Jul-2016 14:09:23.590 INFO [localhost-startStop-1] org.apache.catalina.startup.HostConfig.deployDirectory Deployment of web application directory /home/ec2-user/date-and-time/apache-tomcat-8.0.36/webapps/host-manager has finished in 79 ms
15-Jul-2016 14:09:23.591 INFO [localhost-startStop-1] org.apache.catalina.startup.HostConfig.deployDirectory Deploying web application directory /home/ec2-user/date-and-time/apache-tomcat-8.0.36/webapps/docs
15-Jul-2016 14:09:23.638 INFO [localhost-startStop-1] org.apache.catalina.startup.HostConfig.deployDirectory Deployment of web application directory /home/ec2-user/date-and-time/apache-tomcat-8.0.36/webapps/docs has finished in 47 ms
15-Jul-2016 14:09:23.643 INFO [localhost-startStop-1] org.apache.catalina.startup.HostConfig.deployDirectory Deploying web application directory /home/ec2-user/date-and-time/apache-tomcat-8.0.36/webapps/examples
15-Jul-2016 14:09:24.259 INFO [localhost-startStop-1] org.apache.catalina.startup.HostConfig.deployDirectory Deployment of web application directory /home/ec2-user/date-and-time/apache-tomcat-8.0.36/webapps/examples has finished in 616 ms
15-Jul-2016 14:09:24.260 INFO [localhost-startStop-1] org.apache.catalina.startup.HostConfig.deployDirectory Deploying web application directory /home/ec2-user/date-and-time/apache-tomcat-8.0.36/webapps/manager
15-Jul-2016 14:09:24.310 INFO [localhost-startStop-1] org.apache.catalina.startup.HostConfig.deployDirectory Deployment of web application directory /home/ec2-user/date-and-time/apache-tomcat-8.0.36/webapps/manager has finished in 50 ms
15-Jul-2016 14:09:24.321 INFO [main] org.apache.coyote.AbstractProtocol.start Starting ProtocolHandler ["http-nio-9090"]
15-Jul-2016 14:09:24.341 INFO [main] org.apache.coyote.AbstractProtocol.start Starting ProtocolHandler ["ajp-nio-8009"]
15-Jul-2016 14:09:24.351 INFO [main] org.apache.catalina.startup.Catalina.start Server startup in 1845 ms
15-Jul-2016 14:22:38.639 INFO [http-nio-9090-exec-2] org.apache.catalina.startup.HostConfig.deployWAR Deploying web application archive /home/ec2-user/date-and-time/apache-tomcat-8.0.36/webapps/SimpleMavenWebapp.war
15-Jul-2016 14:22:38.645 WARNING [http-nio-9090-exec-2] org.apache.catalina.startup.SetContextPropertiesRule.begin [SetContextPropertiesRule]{Context} Setting property 'antiJARLocking' to 'true' did not find a matching property.
15-Jul-2016 14:22:38.698 INFO [http-nio-9090-exec-2] org.apache.catalina.startup.HostConfig.deployWAR Deployment of web application archive /home/ec2-user/date-and-time/apache-tomcat-8.0.36/webapps/SimpleMavenWebapp.war has finished in 59 ms
15-Jul-2016 14:25:12.458 INFO [http-nio-9090-exec-3] org.apache.catalina.startup.HostConfig.undeploy Undeploying context [/SimpleMavenWebapp]
15-Jul-2016 14:25:12.469 INFO [http-nio-9090-exec-2] org.apache.catalina.startup.HostConfig.deployWAR Deploying web application archive /home/ec2-user/date-and-time/apache-tomcat-8.0.36/webapps/SimpleMavenWebapp.war
15-Jul-2016 14:25:12.472 WARNING [http-nio-9090-exec-2] org.apache.catalina.startup.SetContextPropertiesRule.begin [SetContextPropertiesRule]{Context} Setting property 'antiJARLocking' to 'true' did not find a matching property.
15-Jul-2016 14:25:12.504 INFO [http-nio-9090-exec-2] org.apache.catalina.startup.HostConfig.deployWAR Deployment of web application archive /home/ec2-user/date-and-time/apache-tomcat-8.0.36/webapps/SimpleMavenWebapp.war has finished in 35 ms
15-Jul-2016 14:27:53.417 INFO [Thread-5] org.apache.coyote.AbstractProtocol.pause Pausing ProtocolHandler ["http-nio-9090"]
15-Jul-2016 14:27:53.419 INFO [Thread-5] org.apache.coyote.AbstractProtocol.pause Pausing ProtocolHandler ["ajp-nio-8009"]
15-Jul-2016 14:27:53.420 INFO [Thread-5] org.apache.catalina.core.StandardService.stopInternal Stopping service Catalina
15-Jul-2016 14:27:53.462 INFO [Thread-5] org.apache.coyote.AbstractProtocol.stop Stopping ProtocolHandler ["http-nio-9090"]
15-Jul-2016 14:27:53.463 INFO [Thread-5] org.apache.coyote.AbstractProtocol.stop Stopping ProtocolHandler ["ajp-nio-8009"]
15-Jul-2016 14:27:53.464 INFO [Thread-5] org.apache.coyote.AbstractProtocol.destroy Destroying ProtocolHandler ["http-nio-9090"]
15-Jul-2016 14:27:53.464 INFO [Thread-5] org.apache.coyote.AbstractProtocol.destroy Destroying ProtocolHandler ["ajp-nio-8009"]
15-Jul-2016 14:28:00.952 INFO [main] org.apache.catalina.startup.VersionLoggerListener.log Server version:        Apache Tomcat/8.0.36
15-Jul-2016 14:28:00.956 INFO [main] org.apache.catalina.startup.VersionLoggerListener.log Server built:          Jun 9 2016 13:55:50 UTC
15-Jul-2016 14:28:00.956 INFO [main] org.apache.catalina.startup.VersionLoggerListener.log Server number:         8.0.36.0
15-Jul-2016 14:28:00.957 INFO [main] org.apache.catalina.startup.VersionLoggerListener.log OS Name:               Linux
15-Jul-2016 14:28:00.957 INFO [main] org.apache.catalina.startup.VersionLoggerListener.log OS Version:            4.1.17-22.30.amzn1.x86_64
15-Jul-2016 14:28:00.957 INFO [main] org.apache.catalina.startup.VersionLoggerListener.log Architecture:          amd64
15-Jul-2016 14:28:00.957 INFO [main] org.apache.catalina.startup.VersionLoggerListener.log Java Home:             /usr/lib/jvm/java-1.7.0-openjdk-1.7.0.101.x86_64/jre
15-Jul-2016 14:28:00.959 INFO [main] org.apache.catalina.startup.VersionLoggerListener.log JVM Version:           1.7.0_101-mockbuild_2016_04_26_18_10-b00
15-Jul-2016 14:28:00.959 INFO [main] org.apache.catalina.startup.VersionLoggerListener.log JVM Vendor:            Oracle Corporation
15-Jul-2016 14:28:00.959 INFO [main] org.apache.catalina.startup.VersionLoggerListener.log CATALINA_BASE:         /home/ec2-user/date-and-time/apache-tomcat-8.0.36
15-Jul-2016 14:28:00.960 INFO [main] org.apache.catalina.startup.VersionLoggerListener.log CATALINA_HOME:         /home/ec2-user/date-and-time/apache-tomcat-8.0.36
15-Jul-2016 14:28:00.960 INFO [main] org.apache.catalina.startup.VersionLoggerListener.log Command line argument: -Djava.util.logging.config.file=/home/ec2-user/date-and-time/apache-tomcat-8.0.36/conf/logging.properties
15-Jul-2016 14:28:00.960 INFO [main] org.apache.catalina.startup.VersionLoggerListener.log Command line argument: -Djava.util.logging.manager=org.apache.juli.ClassLoaderLogManager
15-Jul-2016 14:28:00.961 INFO [main] org.apache.catalina.startup.VersionLoggerListener.log Command line argument: -Djdk.tls.ephemeralDHKeySize=2048
15-Jul-2016 14:28:00.961 INFO [main] org.apache.catalina.startup.VersionLoggerListener.log Command line argument: -Djava.endorsed.dirs=/home/ec2-user/date-and-time/apache-tomcat-8.0.36/endorsed
15-Jul-2016 14:28:00.961 INFO [main] org.apache.catalina.startup.VersionLoggerListener.log Command line argument: -Dcatalina.base=/home/ec2-user/date-and-time/apache-tomcat-8.0.36
15-Jul-2016 14:28:00.961 INFO [main] org.apache.catalina.startup.VersionLoggerListener.log Command line argument: -Dcatalina.home=/home/ec2-user/date-and-time/apache-tomcat-8.0.36
15-Jul-2016 14:28:00.962 INFO [main] org.apache.catalina.startup.VersionLoggerListener.log Command line argument: -Djava.io.tmpdir=/home/ec2-user/date-and-time/apache-tomcat-8.0.36/temp
15-Jul-2016 14:28:00.965 INFO [main] org.apache.catalina.core.AprLifecycleListener.lifecycleEvent The APR based Apache Tomcat Native library which allows optimal performance in production environments was not found on the java.library.path: /usr/java/packages/lib/amd64:/usr/lib64:/lib64:/lib:/usr/lib
15-Jul-2016 14:28:01.068 INFO [main] org.apache.coyote.AbstractProtocol.init Initializing ProtocolHandler ["http-nio-9090"]
15-Jul-2016 14:28:01.082 INFO [main] org.apache.tomcat.util.net.NioSelectorPool.getSharedSelector Using a shared selector for servlet write/read
15-Jul-2016 14:28:01.084 INFO [main] org.apache.coyote.AbstractProtocol.init Initializing ProtocolHandler ["ajp-nio-8009"]
15-Jul-2016 14:28:01.092 INFO [main] org.apache.tomcat.util.net.NioSelectorPool.getSharedSelector Using a shared selector for servlet write/read
15-Jul-2016 14:28:01.093 INFO [main] org.apache.catalina.startup.Catalina.load Initialization processed in 972 ms
15-Jul-2016 14:28:01.140 INFO [main] org.apache.catalina.core.StandardService.startInternal Starting service Catalina
15-Jul-2016 14:28:01.140 INFO [main] org.apache.catalina.core.StandardEngine.startInternal Starting Servlet Engine: Apache Tomcat/8.0.36
15-Jul-2016 14:28:01.184 INFO [localhost-startStop-1] org.apache.catalina.startup.HostConfig.deployWAR Deploying web application archive /home/ec2-user/date-and-time/apache-tomcat-8.0.36/webapps/SimpleMavenWebapp.war
15-Jul-2016 14:28:01.232 WARNING [localhost-startStop-1] org.apache.catalina.startup.SetContextPropertiesRule.begin [SetContextPropertiesRule]{Context} Setting property 'antiJARLocking' to 'true' did not find a matching property.
15-Jul-2016 14:28:02.309 INFO [localhost-startStop-1] org.apache.catalina.startup.HostConfig.deployWAR Deployment of web application archive /home/ec2-user/date-and-time/apache-tomcat-8.0.36/webapps/SimpleMavenWebapp.war has finished in 1,124 ms
15-Jul-2016 14:28:02.312 INFO [localhost-startStop-1] org.apache.catalina.startup.HostConfig.deployDirectory Deploying web application directory /home/ec2-user/date-and-time/apache-tomcat-8.0.36/webapps/ROOT
15-Jul-2016 14:28:02.358 INFO [localhost-startStop-1] org.apache.catalina.startup.HostConfig.deployDirectory Deployment of web application directory /home/ec2-user/date-and-time/apache-tomcat-8.0.36/webapps/ROOT has finished in 46 ms
15-Jul-2016 14:28:02.359 INFO [localhost-startStop-1] org.apache.catalina.startup.HostConfig.deployDirectory Deploying web application directory /home/ec2-user/date-and-time/apache-tomcat-8.0.36/webapps/host-manager
15-Jul-2016 14:28:02.394 INFO [localhost-startStop-1] org.apache.catalina.startup.HostConfig.deployDirectory Deployment of web application directory /home/ec2-user/date-and-time/apache-tomcat-8.0.36/webapps/host-manager has finished in 35 ms
15-Jul-2016 14:28:02.395 INFO [localhost-startStop-1] org.apache.catalina.startup.HostConfig.deployDirectory Deploying web application directory /home/ec2-user/date-and-time/apache-tomcat-8.0.36/webapps/docs
15-Jul-2016 14:28:02.433 INFO [localhost-startStop-1] org.apache.catalina.startup.HostConfig.deployDirectory Deployment of web application directory /home/ec2-user/date-and-time/apache-tomcat-8.0.36/webapps/docs has finished in 38 ms
15-Jul-2016 14:28:02.434 INFO [localhost-startStop-1] org.apache.catalina.startup.HostConfig.deployDirectory Deploying web application directory /home/ec2-user/date-and-time/apache-tomcat-8.0.36/webapps/examples
15-Jul-2016 14:28:03.075 INFO [localhost-startStop-1] org.apache.catalina.startup.HostConfig.deployDirectory Deployment of web application directory /home/ec2-user/date-and-time/apache-tomcat-8.0.36/webapps/examples has finished in 642 ms
15-Jul-2016 14:28:03.079 INFO [localhost-startStop-1] org.apache.catalina.startup.HostConfig.deployDirectory Deploying web application directory /home/ec2-user/date-and-time/apache-tomcat-8.0.36/webapps/manager
15-Jul-2016 14:28:03.135 INFO [localhost-startStop-1] org.apache.catalina.startup.HostConfig.deployDirectory Deployment of web application directory /home/ec2-user/date-and-time/apache-tomcat-8.0.36/webapps/manager has finished in 56 ms
15-Jul-2016 14:28:03.140 INFO [main] org.apache.coyote.AbstractProtocol.start Starting ProtocolHandler ["http-nio-9090"]
15-Jul-2016 14:28:03.151 INFO [main] org.apache.coyote.AbstractProtocol.start Starting ProtocolHandler ["ajp-nio-8009"]
15-Jul-2016 14:28:03.159 INFO [main] org.apache.catalina.startup.Catalina.start Server startup in 2065 ms
